<?xml version="1.0" encoding="UTF-8"?>
<!-- Generated by org.testng.reporters.JUnitReportReporter -->
<testsuite hostname="INSPOLT370" failures="0" tests="7" name="Tests.FirstTaskTest" time="47.626" errors="0" timestamp="2024-05-02T00:49:46 IST" skipped="0">
  <testcase classname="Tests.FirstTaskTest" name="verifyPointNo1" time="18.408"/>
  <testcase classname="Tests.FirstTaskTest" name="verifyPointNo2" time="5.627"/>
  <testcase classname="Tests.FirstTaskTest" name="verifyPointNo3" time="0.094"/>
  <testcase classname="Tests.FirstTaskTest" name="verifyPointNo4" time="7.100"/>
  <testcase classname="Tests.FirstTaskTest" name="verifyPointNo5" time="0.185"/>
  <testcase classname="Tests.FirstTaskTest" name="verifyPointNo6" time="10.633"/>
  <testcase classname="Tests.FirstTaskTest" name="verifyPointNo7" time="5.579"/>
</testsuite> <!-- Tests.FirstTaskTest -->
